  my_assembler.c
C:\Users\user\Desktop\SystemProgramingProject\Project1\Project1\my_assembler.c(101,1): warning C4047: 'initializing': 'char' differs in levels of indirection from 'void *'
C:\Users\user\Desktop\SystemProgramingProject\Project1\Project1\my_assembler.c(139,1): warning C4047: 'initializing': 'char' differs in levels of indirection from 'void *'
C:\Users\user\Desktop\SystemProgramingProject\Project1\Project1\my_assembler.c(180,16): warning C4047: '==': 'char *' differs in levels of indirection from 'int'
C:\Users\user\Desktop\SystemProgramingProject\Project1\Project1\my_assembler.c(193,43): warning C4047: '=': 'char' differs in levels of indirection from 'void *'
C:\Users\user\Desktop\SystemProgramingProject\Project1\Project1\my_assembler.c(194,46): warning C4047: '=': 'char' differs in levels of indirection from 'void *'
C:\Users\user\Desktop\SystemProgramingProject\Project1\Project1\my_assembler.c(731,45): warning C4047: '!=': 'char *' differs in levels of indirection from 'int'
C:\Users\user\Desktop\SystemProgramingProject\Project1\Project1\my_assembler.c(733,49): warning C4047: 'function': 'const char *' differs in levels of indirection from 'char'
C:\Users\user\Desktop\SystemProgramingProject\Project1\Project1\my_assembler.c(733,43): warning C4024: 'atoi': different types for formal and actual parameter 1
C:\Users\user\Desktop\SystemProgramingProject\Project1\Project1\my_assembler.c(738,50): warning C4047: '!=': 'char *' differs in levels of indirection from 'int'
C:\Users\user\Desktop\SystemProgramingProject\Project1\Project1\my_assembler.c(642,5): warning C4996: 'strcpy': This function or variable may be unsafe. Consider using strcpy_s instead. To disable deprecation, use _CRT_SECURE_NO_WARNINGS. See online help for details.
C:\Users\user\Desktop\SystemProgramingProject\Project1\Project1\my_assembler.c(648,7): warning C4996: 'strcpy': This function or variable may be unsafe. Consider using strcpy_s instead. To disable deprecation, use _CRT_SECURE_NO_WARNINGS. See online help for details.
C:\Users\user\Desktop\SystemProgramingProject\Project1\Project1\my_assembler.c(657,7): warning C4996: 'strcpy': This function or variable may be unsafe. Consider using strcpy_s instead. To disable deprecation, use _CRT_SECURE_NO_WARNINGS. See online help for details.
C:\Users\user\Desktop\SystemProgramingProject\Project1\Project1\my_assembler.c(791,7): warning C4996: 'strcpy': This function or variable may be unsafe. Consider using strcpy_s instead. To disable deprecation, use _CRT_SECURE_NO_WARNINGS. See online help for details.
C:\Users\user\Desktop\SystemProgramingProject\Project1\Project1\my_assembler.c(866,34): warning C4047: 'function': 'const char *' differs in levels of indirection from 'char (*)[10]'
C:\Users\user\Desktop\SystemProgramingProject\Project1\Project1\my_assembler.c(866,14): warning C4024: 'strcmp': different types for formal and actual parameter 1
C:\Users\user\Desktop\SystemProgramingProject\Project1\Project1\my_assembler.c(125): warning C4715: 'init_inst_file': not all control paths return a value
C:\Users\user\Desktop\SystemProgramingProject\Project1\Project1\my_assembler.c(256): warning C4716: 'split_tap': must return a value
C:\Users\user\Desktop\SystemProgramingProject\Project1\Project1\my_assembler.c(937): warning C4716: 'assem_pass2': must return a value
  Project1.vcxproj -> C:\Users\user\Desktop\SystemProgramingProject\Project1\Debug\Project1.exe
